2026-06-22 13:04:34 [main] INFO  c.unibuc.library.LibraryApplication - Starting LibraryApplication using Java 21.0.8 with PID 15740 (E:\Proiecte-Offline\TehnologiiWeb_Raican_Mihai_406\library\target\classes started by Mihai in E:\Proiecte-Offline\TehnologiiWeb_Raican_Mihai_406\library)
2026-06-22 13:04:34 [main] DEBUG c.unibuc.library.LibraryApplication - Running with Spring Boot v4.0.1, Spring v7.0.2
2026-06-22 13:04:34 [main] INFO  c.unibuc.library.LibraryApplication - The following 1 profile is active: "dev"
2026-06-22 13:04:37 [main] INFO  o.a.coyote.http11.Http11NioProtocol - Initializing ProtocolHandler ["http-nio-8080"]
2026-06-22 13:04:37 [main] INFO  o.a.catalina.core.StandardService - Starting service [Tomcat]
2026-06-22 13:04:37 [main] INFO  o.a.catalina.core.StandardEngine - Starting Servlet engine: [Apache Tomcat/11.0.15]
2026-06-22 13:04:38 [main] INFO  com.zaxxer.hikari.HikariDataSource - HikariPool-1 - Starting...
2026-06-22 13:04:39 [main] INFO  com.zaxxer.hikari.pool.HikariPool - HikariPool-1 - Added connection org.postgresql.jdbc.PgConnection@1bde9a22
2026-06-22 13:04:39 [main] INFO  com.zaxxer.hikari.HikariDataSource - HikariPool-1 - Start completed.
2026-06-22 13:04:43 [main] WARN  o.s.b.j.a.JpaBaseConfiguration$JpaWebConfiguration - spring.jpa.open-in-view is enabled by default. Therefore, database queries may be performed during view rendering. Explicitly configure spring.jpa.open-in-view to disable this warning
2026-06-22 13:04:45 [main] INFO  o.a.coyote.http11.Http11NioProtocol - Starting ProtocolHandler ["http-nio-8080"]
2026-06-22 13:04:45 [main] INFO  c.unibuc.library.LibraryApplication - Started LibraryApplication in 11.861 seconds (process running for 12.66)
2026-06-22 13:04:45 [main] INFO  c.unibuc.library.config.DataLoader - Books already exist — skipping seed data.
2026-06-22 13:04:45 [main] WARN  o.s.c.events.SpringDocAppInitializer - SpringDoc /v3/api-docs endpoint is enabled by default. To disable it in production, set the property 'springdoc.api-docs.enabled=false'
2026-06-22 13:04:45 [main] WARN  o.s.c.events.SpringDocAppInitializer - SpringDoc /swagger-ui.html endpoint is enabled by default. To disable it in production, set the property 'springdoc.swagger-ui.enabled=false'
2026-06-22 13:12:47 [http-nio-8080-exec-1] INFO  o.a.c.c.C.[Tomcat].[localhost].[/] - Initializing Spring DispatcherServlet 'dispatcherServlet'
2026-06-22 13:13:00 [http-nio-8080-exec-9] DEBUG c.u.library.service.AuthorService - Fetching authors page 0 with size 5
2026-06-22 13:13:00 [http-nio-8080-exec-9] WARN  org.hibernate.orm.query - HHH90003004: firstResult/maxResults specified with collection fetch; applying in memory
2026-06-22 13:13:35 [http-nio-8080-exec-1] DEBUG c.unibuc.library.service.BookService - Fetching books page 0 with size 5
2026-06-22 13:13:35 [http-nio-8080-exec-1] WARN  org.hibernate.orm.query - HHH90003004: firstResult/maxResults specified with collection fetch; applying in memory
2026-06-22 13:13:38 [http-nio-8080-exec-3] DEBUG c.u.library.service.CategoryService - Fetching all categories
2026-06-22 13:13:38 [http-nio-8080-exec-4] DEBUG c.u.library.service.AuthorService - Fetching authors page 0 with size 5
2026-06-22 13:13:38 [http-nio-8080-exec-4] WARN  org.hibernate.orm.query - HHH90003004: firstResult/maxResults specified with collection fetch; applying in memory
2026-06-22 13:13:39 [http-nio-8080-exec-5] DEBUG c.u.library.service.CategoryService - Fetching all categories
2026-06-22 13:16:54 [http-nio-8080-exec-9] DEBUG c.unibuc.library.service.BookService - Fetching books page 0 with size 5
2026-06-22 13:16:54 [http-nio-8080-exec-9] WARN  org.hibernate.orm.query - HHH90003004: firstResult/maxResults specified with collection fetch; applying in memory
2026-06-22 13:43:00 [SpringApplicationShutdownHook] INFO  com.zaxxer.hikari.HikariDataSource - HikariPool-1 - Shutdown initiated...
2026-06-22 13:43:00 [SpringApplicationShutdownHook] INFO  com.zaxxer.hikari.HikariDataSource - HikariPool-1 - Shutdown completed.
2026-06-22 14:47:10 [main] INFO  c.unibuc.library.LibraryApplication - Starting LibraryApplication using Java 21.0.8 with PID 4692 (E:\Proiecte-Offline\TehnologiiWeb_Raican_Mihai_406\library\target\classes started by Mihai in E:\Proiecte-Offline\TehnologiiWeb_Raican_Mihai_406\library)
2026-06-22 14:47:10 [main] DEBUG c.unibuc.library.LibraryApplication - Running with Spring Boot v4.0.1, Spring v7.0.2
2026-06-22 14:47:10 [main] INFO  c.unibuc.library.LibraryApplication - The following 1 profile is active: "dev"
2026-06-22 14:47:12 [main] INFO  o.a.coyote.http11.Http11NioProtocol - Initializing ProtocolHandler ["http-nio-8080"]
2026-06-22 14:47:13 [main] INFO  o.a.catalina.core.StandardService - Starting service [Tomcat]
2026-06-22 14:47:13 [main] INFO  o.a.catalina.core.StandardEngine - Starting Servlet engine: [Apache Tomcat/11.0.15]
2026-06-22 14:47:14 [main] INFO  com.zaxxer.hikari.HikariDataSource - HikariPool-1 - Starting...
2026-06-22 14:47:14 [main] INFO  com.zaxxer.hikari.pool.HikariPool - HikariPool-1 - Added connection org.postgresql.jdbc.PgConnection@59cde35
2026-06-22 14:47:14 [main] INFO  com.zaxxer.hikari.HikariDataSource - HikariPool-1 - Start completed.
2026-06-22 14:47:17 [main] WARN  o.s.b.j.a.JpaBaseConfiguration$JpaWebConfiguration - spring.jpa.open-in-view is enabled by default. Therefore, database queries may be performed during view rendering. Explicitly configure spring.jpa.open-in-view to disable this warning
2026-06-22 14:47:18 [main] INFO  o.a.coyote.http11.Http11NioProtocol - Starting ProtocolHandler ["http-nio-8080"]
2026-06-22 14:47:19 [main] INFO  c.unibuc.library.LibraryApplication - Started LibraryApplication in 9.283 seconds (process running for 9.996)
2026-06-22 14:47:19 [main] INFO  c.unibuc.library.config.DataLoader - Books already exist — skipping seed data.
2026-06-22 14:47:19 [main] WARN  o.s.c.events.SpringDocAppInitializer - SpringDoc /v3/api-docs endpoint is enabled by default. To disable it in production, set the property 'springdoc.api-docs.enabled=false'
2026-06-22 14:47:19 [main] WARN  o.s.c.events.SpringDocAppInitializer - SpringDoc /swagger-ui.html endpoint is enabled by default. To disable it in production, set the property 'springdoc.swagger-ui.enabled=false'
2026-06-22 14:47:22 [http-nio-8080-exec-1] INFO  o.a.c.c.C.[Tomcat].[localhost].[/] - Initializing Spring DispatcherServlet 'dispatcherServlet'
2026-06-22 14:47:29 [http-nio-8080-exec-4] DEBUG c.unibuc.library.service.BookService - Fetching books page 0 with size 5
2026-06-22 14:47:29 [http-nio-8080-exec-4] WARN  org.hibernate.orm.query - HHH90003004: firstResult/maxResults specified with collection fetch; applying in memory
2026-06-22 14:47:43 [http-nio-8080-exec-9] DEBUG c.unibuc.library.service.BookService - Fetching books page 0 with size 5
2026-06-22 14:47:43 [http-nio-8080-exec-9] WARN  org.hibernate.orm.query - HHH90003004: firstResult/maxResults specified with collection fetch; applying in memory
2026-06-22 14:48:09 [http-nio-8080-exec-10] DEBUG c.u.library.service.CategoryService - Fetching all categories
2026-06-22 14:48:14 [http-nio-8080-exec-1] DEBUG c.u.library.service.AuthorService - Fetching authors page 0 with size 5
2026-06-22 14:48:14 [http-nio-8080-exec-1] WARN  org.hibernate.orm.query - HHH90003004: firstResult/maxResults specified with collection fetch; applying in memory
2026-06-22 14:48:15 [http-nio-8080-exec-2] DEBUG c.unibuc.library.service.BookService - Fetching books page 0 with size 5
2026-06-22 14:48:15 [http-nio-8080-exec-2] WARN  org.hibernate.orm.query - HHH90003004: firstResult/maxResults specified with collection fetch; applying in memory
2026-06-22 14:49:10 [SpringApplicationShutdownHook] INFO  com.zaxxer.hikari.HikariDataSource - HikariPool-1 - Shutdown initiated...
2026-06-22 14:49:10 [SpringApplicationShutdownHook] INFO  com.zaxxer.hikari.HikariDataSource - HikariPool-1 - Shutdown completed.
2026-06-22 14:56:15 [main] INFO  c.unibuc.library.LibraryApplication - Starting LibraryApplication using Java 21.0.8 with PID 640 (E:\Proiecte-Offline\TehnologiiWeb_Raican_Mihai_406\library\target\classes started by Mihai in E:\Proiecte-Offline\TehnologiiWeb_Raican_Mihai_406\library)
2026-06-22 14:56:15 [main] DEBUG c.unibuc.library.LibraryApplication - Running with Spring Boot v4.0.1, Spring v7.0.2
2026-06-22 14:56:15 [main] INFO  c.unibuc.library.LibraryApplication - The following 1 profile is active: "dev"
2026-06-22 14:56:18 [main] INFO  o.a.coyote.http11.Http11NioProtocol - Initializing ProtocolHandler ["http-nio-8080"]
2026-06-22 14:56:18 [main] INFO  o.a.catalina.core.StandardService - Starting service [Tomcat]
2026-06-22 14:56:18 [main] INFO  o.a.catalina.core.StandardEngine - Starting Servlet engine: [Apache Tomcat/11.0.15]
2026-06-22 14:56:19 [main] INFO  com.zaxxer.hikari.HikariDataSource - HikariPool-1 - Starting...
2026-06-22 14:56:19 [main] INFO  com.zaxxer.hikari.pool.HikariPool - HikariPool-1 - Added connection org.postgresql.jdbc.PgConnection@59cde35
2026-06-22 14:56:19 [main] INFO  com.zaxxer.hikari.HikariDataSource - HikariPool-1 - Start completed.
2026-06-22 14:56:22 [main] WARN  o.s.b.j.a.JpaBaseConfiguration$JpaWebConfiguration - spring.jpa.open-in-view is enabled by default. Therefore, database queries may be performed during view rendering. Explicitly configure spring.jpa.open-in-view to disable this warning
2026-06-22 14:56:24 [main] INFO  o.a.coyote.http11.Http11NioProtocol - Starting ProtocolHandler ["http-nio-8080"]
2026-06-22 14:56:24 [main] INFO  c.unibuc.library.LibraryApplication - Started LibraryApplication in 9.452 seconds (process running for 10.131)
2026-06-22 14:56:24 [main] INFO  c.unibuc.library.config.DataLoader - Books already exist — skipping seed data.
2026-06-22 14:56:24 [main] WARN  o.s.c.events.SpringDocAppInitializer - SpringDoc /v3/api-docs endpoint is enabled by default. To disable it in production, set the property 'springdoc.api-docs.enabled=false'
2026-06-22 14:56:24 [main] WARN  o.s.c.events.SpringDocAppInitializer - SpringDoc /swagger-ui.html endpoint is enabled by default. To disable it in production, set the property 'springdoc.swagger-ui.enabled=false'
2026-06-22 14:56:27 [http-nio-8080-exec-1] INFO  o.a.c.c.C.[Tomcat].[localhost].[/] - Initializing Spring DispatcherServlet 'dispatcherServlet'
2026-06-22 14:56:34 [http-nio-8080-exec-4] DEBUG c.unibuc.library.service.BookService - Fetching books page 0 with size 5
2026-06-22 14:56:34 [http-nio-8080-exec-4] WARN  org.hibernate.orm.query - HHH90003004: firstResult/maxResults specified with collection fetch; applying in memory
2026-06-22 14:58:11 [SpringApplicationShutdownHook] INFO  com.zaxxer.hikari.HikariDataSource - HikariPool-1 - Shutdown initiated...
2026-06-22 14:58:11 [SpringApplicationShutdownHook] INFO  com.zaxxer.hikari.HikariDataSource - HikariPool-1 - Shutdown completed.
