2026-06-25 01:39:02 [HikariPool-1:housekeeper] WARN  com.zaxxer.hikari.pool.HikariPool - HikariPool-1 - Thread starvation or clock leap detected (housekeeper delta=44m49s119ms124µs600ns).
[2m2026-06-25 02:08:35[0;39m [35m[main][0;39m [32mINFO [0;39m [36mc.unibuc.library.LibraryApplication[0;39m - Starting LibraryApplication using Java 24.0.2 with PID 19824 (E:\Proiecte-Offline\TehnologiiWeb_Raican_Mihai_406\library\target\classes started by Mihai in E:\Proiecte-Offline\TehnologiiWeb_Raican_Mihai_406\library)
[2m2026-06-25 02:08:35[0;39m [35m[main][0;39m [32mDEBUG[0;39m [36mc.unibuc.library.LibraryApplication[0;39m - Running with Spring Boot v4.0.1, Spring v7.0.2
[2m2026-06-25 02:08:35[0;39m [35m[main][0;39m [32mINFO [0;39m [36mc.unibuc.library.LibraryApplication[0;39m - The following 1 profile is active: "dev"
[2m2026-06-25 02:08:39[0;39m [35m[main][0;39m [32mINFO [0;39m [36mo.a.coyote.http11.Http11NioProtocol[0;39m - Initializing ProtocolHandler ["http-nio-8080"]
[2m2026-06-25 02:08:39[0;39m [35m[main][0;39m [32mINFO [0;39m [36mo.a.catalina.core.StandardService[0;39m - Starting service [Tomcat]
[2m2026-06-25 02:08:39[0;39m [35m[main][0;39m [32mINFO [0;39m [36mo.a.catalina.core.StandardEngine[0;39m - Starting Servlet engine: [Apache Tomcat/11.0.15]
[2m2026-06-25 02:08:42[0;39m [35m[main][0;39m [32mINFO [0;39m [36mcom.zaxxer.hikari.HikariDataSource[0;39m - HikariPool-1 - Starting...
[2m2026-06-25 02:08:43[0;39m [35m[main][0;39m [32mINFO [0;39m [36mcom.zaxxer.hikari.pool.HikariPool[0;39m - HikariPool-1 - Added connection org.postgresql.jdbc.PgConnection@70bc9070
[2m2026-06-25 02:08:43[0;39m [35m[main][0;39m [32mINFO [0;39m [36mcom.zaxxer.hikari.HikariDataSource[0;39m - HikariPool-1 - Start completed.
[2m2026-06-25 02:08:50[0;39m [35m[main][0;39m [33mWARN [0;39m [36mo.s.b.j.a.JpaBaseConfiguration$JpaWebConfiguration[0;39m - spring.jpa.open-in-view is enabled by default. Therefore, database queries may be performed during view rendering. Explicitly configure spring.jpa.open-in-view to disable this warning
[2m2026-06-25 02:08:52[0;39m [35m[main][0;39m [32mINFO [0;39m [36mo.a.coyote.http11.Http11NioProtocol[0;39m - Starting ProtocolHandler ["http-nio-8080"]
[2m2026-06-25 02:08:52[0;39m [35m[main][0;39m [33mWARN [0;39m [36mo.s.b.w.s.s.c.AnnotationConfigServletWebServerApplicationContext[0;39m - Exception encountered during context initialization - cancelling refresh attempt: org.springframework.context.ApplicationContextException: Failed to start bean 'webServerStartStop'
[2m2026-06-25 02:08:52[0;39m [35m[main][0;39m [32mINFO [0;39m [36mcom.zaxxer.hikari.HikariDataSource[0;39m - HikariPool-1 - Shutdown initiated...
[2m2026-06-25 02:08:52[0;39m [35m[main][0;39m [32mINFO [0;39m [36mcom.zaxxer.hikari.HikariDataSource[0;39m - HikariPool-1 - Shutdown completed.
[2m2026-06-25 02:08:52[0;39m [35m[main][0;39m [31mERROR[0;39m [36mo.s.b.d.LoggingFailureAnalysisReporter[0;39m - 

***************************
APPLICATION FAILED TO START
***************************

Description:

Web server failed to start. Port 8080 was already in use.

Action:

Identify and stop the process that's listening on port 8080 or configure this application to listen on another port.

2026-06-25 02:33:02 [SpringApplicationShutdownHook] INFO  com.zaxxer.hikari.HikariDataSource - HikariPool-1 - Shutdown initiated...
2026-06-25 02:33:02 [SpringApplicationShutdownHook] INFO  com.zaxxer.hikari.HikariDataSource - HikariPool-1 - Shutdown completed.
[2m2026-06-25 02:33:13[0;39m [35m[main][0;39m [32mINFO [0;39m [36mc.unibuc.library.LibraryApplication[0;39m - Starting LibraryApplication using Java 24.0.2 with PID 19060 (E:\Proiecte-Offline\TehnologiiWeb_Raican_Mihai_406\library\target\classes started by Mihai in E:\Proiecte-Offline\TehnologiiWeb_Raican_Mihai_406\library)
[2m2026-06-25 02:33:13[0;39m [35m[main][0;39m [32mDEBUG[0;39m [36mc.unibuc.library.LibraryApplication[0;39m - Running with Spring Boot v4.0.1, Spring v7.0.2
[2m2026-06-25 02:33:13[0;39m [35m[main][0;39m [32mINFO [0;39m [36mc.unibuc.library.LibraryApplication[0;39m - The following 1 profile is active: "dev"
[2m2026-06-25 02:33:16[0;39m [35m[main][0;39m [32mINFO [0;39m [36mo.a.coyote.http11.Http11NioProtocol[0;39m - Initializing ProtocolHandler ["http-nio-8080"]
[2m2026-06-25 02:33:16[0;39m [35m[main][0;39m [32mINFO [0;39m [36mo.a.catalina.core.StandardService[0;39m - Starting service [Tomcat]
[2m2026-06-25 02:33:16[0;39m [35m[main][0;39m [32mINFO [0;39m [36mo.a.catalina.core.StandardEngine[0;39m - Starting Servlet engine: [Apache Tomcat/11.0.15]
[2m2026-06-25 02:33:17[0;39m [35m[main][0;39m [32mINFO [0;39m [36mcom.zaxxer.hikari.HikariDataSource[0;39m - HikariPool-1 - Starting...
[2m2026-06-25 02:33:17[0;39m [35m[main][0;39m [32mINFO [0;39m [36mcom.zaxxer.hikari.pool.HikariPool[0;39m - HikariPool-1 - Added connection org.postgresql.jdbc.PgConnection@544300a6
[2m2026-06-25 02:33:17[0;39m [35m[main][0;39m [32mINFO [0;39m [36mcom.zaxxer.hikari.HikariDataSource[0;39m - HikariPool-1 - Start completed.
[2m2026-06-25 02:33:21[0;39m [35m[main][0;39m [33mWARN [0;39m [36mo.s.b.j.a.JpaBaseConfiguration$JpaWebConfiguration[0;39m - spring.jpa.open-in-view is enabled by default. Therefore, database queries may be performed during view rendering. Explicitly configure spring.jpa.open-in-view to disable this warning
[2m2026-06-25 02:33:22[0;39m [35m[main][0;39m [32mINFO [0;39m [36mo.a.coyote.http11.Http11NioProtocol[0;39m - Starting ProtocolHandler ["http-nio-8080"]
[2m2026-06-25 02:33:22[0;39m [35m[main][0;39m [32mINFO [0;39m [36mc.unibuc.library.LibraryApplication[0;39m - Started LibraryApplication in 10.352 seconds (process running for 11.631)
[2m2026-06-25 02:33:23[0;39m [35m[main][0;39m [32mINFO [0;39m [36mc.unibuc.library.config.DataLoader[0;39m - Books already exist — skipping seed data.
[2m2026-06-25 02:33:23[0;39m [35m[main][0;39m [33mWARN [0;39m [36mo.s.c.events.SpringDocAppInitializer[0;39m - SpringDoc /v3/api-docs endpoint is enabled by default. To disable it in production, set the property 'springdoc.api-docs.enabled=false'
[2m2026-06-25 02:33:23[0;39m [35m[main][0;39m [33mWARN [0;39m [36mo.s.c.events.SpringDocAppInitializer[0;39m - SpringDoc /swagger-ui.html endpoint is enabled by default. To disable it in production, set the property 'springdoc.swagger-ui.enabled=false'
[2m2026-06-25 02:33:59[0;39m [35m[http-nio-8080-exec-1][0;39m [32mINFO [0;39m [36mo.a.c.c.C.[Tomcat].[localhost].[/][0;39m - Initializing Spring DispatcherServlet 'dispatcherServlet'
[2m2026-06-25 02:34:22[0;39m [35m[http-nio-8080-exec-8][0;39m [32mDEBUG[0;39m [36mc.unibuc.library.service.BookService[0;39m - Fetching books page 0 with size 5
[2m2026-06-25 02:34:22[0;39m [35m[http-nio-8080-exec-8][0;39m [33mWARN [0;39m [36morg.hibernate.orm.query[0;39m - HHH90003004: firstResult/maxResults specified with collection fetch; applying in memory
[2m2026-06-25 02:34:28[0;39m [35m[http-nio-8080-exec-5][0;39m [32mDEBUG[0;39m [36mc.unibuc.library.service.BookService[0;39m - Searching books with filters title='mai', author='null', category='null'
[2m2026-06-25 02:34:32[0;39m [35m[http-nio-8080-exec-6][0;39m [32mDEBUG[0;39m [36mc.unibuc.library.service.BookService[0;39m - Fetching books page 0 with size 5
[2m2026-06-25 02:34:32[0;39m [35m[http-nio-8080-exec-6][0;39m [33mWARN [0;39m [36morg.hibernate.orm.query[0;39m - HHH90003004: firstResult/maxResults specified with collection fetch; applying in memory
[2m2026-06-25 02:34:46[0;39m [35m[SpringApplicationShutdownHook][0;39m [32mINFO [0;39m [36mcom.zaxxer.hikari.HikariDataSource[0;39m - HikariPool-1 - Shutdown initiated...
[2m2026-06-25 02:34:46[0;39m [35m[SpringApplicationShutdownHook][0;39m [32mINFO [0;39m [36mcom.zaxxer.hikari.HikariDataSource[0;39m - HikariPool-1 - Shutdown completed.
[2m2026-06-25 02:34:58[0;39m [35m[main][0;39m [32mINFO [0;39m [36mc.unibuc.library.LibraryApplication[0;39m - Starting LibraryApplication using Java 24.0.2 with PID 17912 (E:\Proiecte-Offline\TehnologiiWeb_Raican_Mihai_406\library\target\classes started by Mihai in E:\Proiecte-Offline\TehnologiiWeb_Raican_Mihai_406\library)
[2m2026-06-25 02:34:58[0;39m [35m[main][0;39m [32mDEBUG[0;39m [36mc.unibuc.library.LibraryApplication[0;39m - Running with Spring Boot v4.0.1, Spring v7.0.2
[2m2026-06-25 02:34:58[0;39m [35m[main][0;39m [32mINFO [0;39m [36mc.unibuc.library.LibraryApplication[0;39m - The following 1 profile is active: "test"
[2m2026-06-25 02:35:00[0;39m [35m[main][0;39m [32mINFO [0;39m [36mo.a.coyote.http11.Http11NioProtocol[0;39m - Initializing ProtocolHandler ["http-nio-8080"]
[2m2026-06-25 02:35:00[0;39m [35m[main][0;39m [32mINFO [0;39m [36mo.a.catalina.core.StandardService[0;39m - Starting service [Tomcat]
[2m2026-06-25 02:35:00[0;39m [35m[main][0;39m [32mINFO [0;39m [36mo.a.catalina.core.StandardEngine[0;39m - Starting Servlet engine: [Apache Tomcat/11.0.15]
[2m2026-06-25 02:35:01[0;39m [35m[main][0;39m [32mINFO [0;39m [36mcom.zaxxer.hikari.HikariDataSource[0;39m - HikariPool-1 - Starting...
[2m2026-06-25 02:35:01[0;39m [35m[main][0;39m [32mINFO [0;39m [36mcom.zaxxer.hikari.pool.HikariPool[0;39m - HikariPool-1 - Added connection conn0: url=jdbc:h2:mem:library_test_db user=SA
[2m2026-06-25 02:35:01[0;39m [35m[main][0;39m [32mINFO [0;39m [36mcom.zaxxer.hikari.HikariDataSource[0;39m - HikariPool-1 - Start completed.
[2m2026-06-25 02:35:05[0;39m [35m[main][0;39m [33mWARN [0;39m [36mo.s.b.j.a.JpaBaseConfiguration$JpaWebConfiguration[0;39m - spring.jpa.open-in-view is enabled by default. Therefore, database queries may be performed during view rendering. Explicitly configure spring.jpa.open-in-view to disable this warning
[2m2026-06-25 02:35:06[0;39m [35m[main][0;39m [32mINFO [0;39m [36mo.a.coyote.http11.Http11NioProtocol[0;39m - Starting ProtocolHandler ["http-nio-8080"]
[2m2026-06-25 02:35:06[0;39m [35m[main][0;39m [32mINFO [0;39m [36mc.unibuc.library.LibraryApplication[0;39m - Started LibraryApplication in 9.362 seconds (process running for 10.603)
[2m2026-06-25 02:35:07[0;39m [35m[main][0;39m [32mINFO [0;39m [36mc.unibuc.library.config.DataLoader[0;39m - === INITIAL CREDENTIALS ===
[2m2026-06-25 02:35:07[0;39m [35m[main][0;39m [32mINFO [0;39m [36mc.unibuc.library.config.DataLoader[0;39m - ADMIN: admin@admin / adminadmin
[2m2026-06-25 02:35:07[0;39m [35m[main][0;39m [32mINFO [0;39m [36mc.unibuc.library.config.DataLoader[0;39m - LIBRARIAN: librarian@local / lib12345
[2m2026-06-25 02:35:07[0;39m [35m[main][0;39m [32mINFO [0;39m [36mc.unibuc.library.config.DataLoader[0;39m - MEMBER: member@local / member123
[2m2026-06-25 02:35:07[0;39m [35m[main][0;39m [32mINFO [0;39m [36mc.unibuc.library.config.DataLoader[0;39m - ==========================
[2m2026-06-25 02:35:07[0;39m [35m[main][0;39m [32mINFO [0;39m [36mc.unibuc.library.config.DataLoader[0;39m - === Seeded 30 books with authors and categories ===
[2m2026-06-25 02:35:07[0;39m [35m[main][0;39m [33mWARN [0;39m [36mo.s.c.events.SpringDocAppInitializer[0;39m - SpringDoc /v3/api-docs endpoint is enabled by default. To disable it in production, set the property 'springdoc.api-docs.enabled=false'
[2m2026-06-25 02:35:07[0;39m [35m[main][0;39m [33mWARN [0;39m [36mo.s.c.events.SpringDocAppInitializer[0;39m - SpringDoc /swagger-ui.html endpoint is enabled by default. To disable it in production, set the property 'springdoc.swagger-ui.enabled=false'
[2m2026-06-25 02:35:14[0;39m [35m[http-nio-8080-exec-1][0;39m [32mINFO [0;39m [36mo.a.c.c.C.[Tomcat].[localhost].[/][0;39m - Initializing Spring DispatcherServlet 'dispatcherServlet'
[2m2026-06-25 02:35:20[0;39m [35m[http-nio-8080-exec-6][0;39m [32mDEBUG[0;39m [36mc.unibuc.library.service.BookService[0;39m - Fetching books page 0 with size 5
[2m2026-06-25 02:35:20[0;39m [35m[http-nio-8080-exec-6][0;39m [33mWARN [0;39m [36morg.hibernate.orm.query[0;39m - HHH90003004: firstResult/maxResults specified with collection fetch; applying in memory
[2m2026-06-25 02:36:21[0;39m [35m[SpringApplicationShutdownHook][0;39m [32mINFO [0;39m [36mcom.zaxxer.hikari.HikariDataSource[0;39m - HikariPool-1 - Shutdown initiated...
[2m2026-06-25 02:36:21[0;39m [35m[SpringApplicationShutdownHook][0;39m [32mINFO [0;39m [36mcom.zaxxer.hikari.HikariDataSource[0;39m - HikariPool-1 - Shutdown completed.
